action: py27, msg: envreport
cwd: /home/denis/Desktop/django_denis/packaging/packaging
cmd: /home/denis/Desktop/django_denis/packaging/packaging/.tox/py27/bin/python -m pip freeze
DEPRECATION: Python 2.7 will reach the end of its life on January 1st, 2020. Please upgrade your Python as Python 2.7 won't be maintained after that date. A future version of pip will drop support for Python 2.7.
atomicwrites==1.3.0
attrs==19.1.0
configparser==3.7.4
contextlib2==0.5.5
example-pkg-kipkoech==0.0.1
funcsigs==1.0.2
importlib-metadata==0.18
more-itertools==5.0.0
packaging==19.0
pathlib2==2.3.4
pluggy==0.12.0
py==1.8.0
pyparsing==2.4.0
pytest==4.6.4
scandir==1.10.0
six==1.12.0
wcwidth==0.1.7
zipp==0.5.2
