action: py27, msg: getenv
cwd: /home/denis/Desktop/django_denis/packaging/packaging
cmd: /home/denis/Desktop/django_denis/packaging/packaging/.tox/py27/bin/python -m pip install pytest
DEPRECATION: Python 2.7 will reach the end of its life on January 1st, 2020. Please upgrade your Python as Python 2.7 won't be maintained after that date. A future version of pip will drop support for Python 2.7.
Collecting pytest
  Downloading https://files.pythonhosted.org/packages/8c/6f/4db6124788e9b281d94693e21e5a40d00f417763dcda10edc8a70655cb92/pytest-4.6.4-py2.py3-none-any.whl (229kB)
Collecting pathlib2>=2.2.0; python_version < "3.6" (from pytest)
  Downloading https://files.pythonhosted.org/packages/67/c6/4dbf5dfdbe1140cadf765c3896acc098578626c35721bc7d3eb35f6a8fc1/pathlib2-2.3.4-py2.py3-none-any.whl
Collecting more-itertools<6.0.0,>=4.0.0; python_version <= "2.7" (from pytest)
  Downloading https://files.pythonhosted.org/packages/2f/9d/dcfe59e213093695f108508af1214cf9cd95cc5489e46877ec5cb56369e5/more_itertools-5.0.0-py2-none-any.whl (52kB)
Collecting wcwidth (from pytest)
  Using cached https://files.pythonhosted.org/packages/7e/9f/526a6947247599b084ee5232e4f9190a38f398d7300d866af3ab571a5bfe/wcwidth-0.1.7-py2.py3-none-any.whl
Collecting py>=1.5.0 (from pytest)
  Using cached https://files.pythonhosted.org/packages/76/bc/394ad449851729244a97857ee14d7cba61ddb268dce3db538ba2f2ba1f0f/py-1.8.0-py2.py3-none-any.whl
Collecting pluggy<1.0,>=0.12 (from pytest)
  Using cached https://files.pythonhosted.org/packages/06/ee/de89e0582276e3551df3110088bf20844de2b0e7df2748406876cc78e021/pluggy-0.12.0-py2.py3-none-any.whl
Collecting six>=1.10.0 (from pytest)
  Using cached https://files.pythonhosted.org/packages/73/fb/00a976f728d0d1fecfe898238ce23f502a721c0ac0ecfedb80e0d88c64e9/six-1.12.0-py2.py3-none-any.whl
Collecting attrs>=17.4.0 (from pytest)
  Using cached https://files.pythonhosted.org/packages/23/96/d828354fa2dbdf216eaa7b7de0db692f12c234f7ef888cc14980ef40d1d2/attrs-19.1.0-py2.py3-none-any.whl
Collecting packaging (from pytest)
  Using cached https://files.pythonhosted.org/packages/91/32/58bc30e646e55eab8b21abf89e353f59c0cc02c417e42929f4a9546e1b1d/packaging-19.0-py2.py3-none-any.whl
Collecting funcsigs>=1.0; python_version < "3.0" (from pytest)
  Using cached https://files.pythonhosted.org/packages/69/cb/f5be453359271714c01b9bd06126eaf2e368f1fddfff30818754b5ac2328/funcsigs-1.0.2-py2.py3-none-any.whl
Collecting importlib-metadata>=0.12 (from pytest)
  Using cached https://files.pythonhosted.org/packages/bd/23/dce4879ec58acf3959580bfe769926ed8198727250c5e395e6785c764a02/importlib_metadata-0.18-py2.py3-none-any.whl
Collecting atomicwrites>=1.0 (from pytest)
  Using cached https://files.pythonhosted.org/packages/52/90/6155aa926f43f2b2a22b01be7241be3bfd1ceaf7d0b3267213e8127d41f4/atomicwrites-1.3.0-py2.py3-none-any.whl
Collecting scandir; python_version < "3.5" (from pathlib2>=2.2.0; python_version < "3.6"->pytest)
  Downloading https://files.pythonhosted.org/packages/df/f5/9c052db7bd54d0cbf1bc0bb6554362bba1012d03e5888950a4f5c5dadc4e/scandir-1.10.0.tar.gz
Collecting pyparsing>=2.0.2 (from packaging->pytest)
  Using cached https://files.pythonhosted.org/packages/dd/d9/3ec19e966301a6e25769976999bd7bbe552016f0d32b577dc9d63d2e0c49/pyparsing-2.4.0-py2.py3-none-any.whl
Collecting contextlib2; python_version < "3" (from importlib-metadata>=0.12->pytest)
  Downloading https://files.pythonhosted.org/packages/a2/71/8273a7eeed0aff6a854237ab5453bc9aa67deb49df4832801c21f0ff3782/contextlib2-0.5.5-py2.py3-none-any.whl
Collecting configparser>=3.5; python_version < "3" (from importlib-metadata>=0.12->pytest)
  Downloading https://files.pythonhosted.org/packages/ba/05/6c96328e92e625fc31445d24d75a2c92ef9ba34fc5b037fe69693c362a0d/configparser-3.7.4-py2.py3-none-any.whl
Collecting zipp>=0.5 (from importlib-metadata>=0.12->pytest)
  Using cached https://files.pythonhosted.org/packages/da/bd/1a5fdf15aa44231fd09f63ecf175b60f057ae37ec65b343bb009364923f3/zipp-0.5.2-py2.py3-none-any.whl
Building wheels for collected packages: scandir
  Building wheel for scandir (setup.py): started
  Building wheel for scandir (setup.py): finished with status 'done'
  Stored in directory: /home/denis/.cache/pip/wheels/91/95/75/19c98a91239878abbc7c59970abd3b4e0438a7dd5b61778335
Successfully built scandir
Installing collected packages: six, scandir, pathlib2, more-itertools, wcwidth, py, contextlib2, configparser, zipp, importlib-metadata, pluggy, attrs, pyparsing, packaging, funcsigs, atomicwrites, pytest
Successfully installed atomicwrites-1.3.0 attrs-19.1.0 configparser-3.7.4 contextlib2-0.5.5 funcsigs-1.0.2 importlib-metadata-0.18 more-itertools-5.0.0 packaging-19.0 pathlib2-2.3.4 pluggy-0.12.0 py-1.8.0 pyparsing-2.4.0 pytest-4.6.4 scandir-1.10.0 six-1.12.0 wcwidth-0.1.7 zipp-0.5.2
